Traceback (most recent call last):
  File "/Users/nilesh/Market_Anomaly_Detection_Prediction/backend/src/train.py", line 63, in <module>
    from gb_models import train_xgboost_regressor
  File "/Users/nilesh/Market_Anomaly_Detection_Prediction/backend/src/gb_models.py", line 22, in <module>
    import shap
  File "/opt/homebrew/lib/python3.14/site-packages/shap/__init__.py", line 45, in <module>
    from . import plots
  File "/opt/homebrew/lib/python3.14/site-packages/shap/plots/__init__.py", line 6, in <module>
    from ._bar import bar
  File "/opt/homebrew/lib/python3.14/site-packages/shap/plots/_bar.py", line 9, in <module>
    from . import colors
  File "/opt/homebrew/lib/python3.14/site-packages/shap/plots/colors/__init__.py", line 1, in <module>
    from ._colors import (
    ...<13 lines>...
    )
  File "/opt/homebrew/lib/python3.14/site-packages/shap/plots/colors/_colors.py", line 23, in <module>
    blue_rgb = lch2rgb(blue_lch)
  File "/opt/homebrew/lib/python3.14/site-packages/shap/plots/colors/_colors.py", line 13, in lch2rgb
    return lab2rgb(lch2lab([[x]]))[0][0]
                   ~~~~~~~^^^^^^^
  File "/opt/homebrew/lib/python3.14/site-packages/shap/plots/colors/_colorconv.py", line 372, in lch2lab
    lch = _prepare_lab_array(lch)
  File "/opt/homebrew/lib/python3.14/site-packages/shap/plots/colors/_colorconv.py", line 387, in _prepare_lab_array
    return img_as_float(arr, force_copy=True)
  File "/opt/homebrew/lib/python3.14/site-packages/shap/plots/colors/_colorconv.py", line 993, in img_as_float
    return convert(image, np.floating, force_copy)
  File "/opt/homebrew/lib/python3.14/site-packages/shap/plots/colors/_colorconv.py", line 819, in convert
    if np.issubdtype(dtype_in, np.dtype(dtype).type):
                               ~~~~~~~~^^^^^^^
TypeError: Converting `np.inexact` or `np.floating` to a dtype not allowed
